2023-10-30T12:02:04.889-05:00  INFO 6812 --- [restartedMain] halcyon.clemncare.app.AppApplication     : Starting AppApplication using Java 17.0.8 with PID 6812 (C:\Users\justi\Documents\Coding\ClemNCare\app\target\classes started by justi in C:\Users\justi\Documents\Coding\ClemNCare)
2023-10-30T12:02:04.896-05:00  INFO 6812 --- [restartedMain] halcyon.clemncare.app.AppApplication     : The following 1 profile is active: "development"
2023-10-30T12:02:04.952-05:00  INFO 6812 --- [restartedMain] .e.DevToolsPropertyDefaultsPostProcessor : Devtools property defaults active! Set 'spring.devtools.add-properties' to 'false' to disable
2023-10-30T12:02:04.953-05:00  INFO 6812 --- [restartedMain] .e.DevToolsPropertyDefaultsPostProcessor : For additional web related logging consider setting the 'logging.level.web' property to 'DEBUG'
2023-10-30T12:02:05.451-05:00  INFO 6812 --- [restartedMain] .s.d.r.c.RepositoryConfigurationDelegate : Bootstrapping Spring Data JPA repositories in DEFAULT mode.
2023-10-30T12:02:05.472-05:00  INFO 6812 --- [restartedMain] .s.d.r.c.RepositoryConfigurationDelegate : Finished Spring Data repository scanning in 13 ms. Found 0 JPA repository interfaces.
2023-10-30T12:02:06.210-05:00  INFO 6812 --- [restartedMain] o.s.b.w.embedded.tomcat.TomcatWebServer  : Tomcat initialized with port(s): 8080 (http)
2023-10-30T12:02:06.220-05:00  INFO 6812 --- [restartedMain] o.apache.catalina.core.StandardService   : Starting service [Tomcat]
2023-10-30T12:02:06.221-05:00  INFO 6812 --- [restartedMain] o.apache.catalina.core.StandardEngine    : Starting Servlet engine: [Apache Tomcat/10.1.15]
2023-10-30T12:02:06.318-05:00  INFO 6812 --- [restartedMain] o.a.c.c.C.[Tomcat].[localhost].[/]       : Initializing Spring embedded WebApplicationContext
2023-10-30T12:02:06.319-05:00  INFO 6812 --- [restartedMain] w.s.c.ServletWebServerApplicationContext : Root WebApplicationContext: initialization completed in 1365 ms
2023-10-30T12:02:06.393-05:00  WARN 6812 --- [restartedMain] ConfigServletWebServerApplicationContext : Exception encountered during context initialization - cancelling refresh attempt: org.springframework.beans.factory.UnsatisfiedDependencyException: Error creating bean with name 'dataSourceScriptDatabaseInitializer' defined in class path resource [org/springframework/boot/autoconfigure/sql/init/DataSourceInitializationConfiguration.class]: Unsatisfied dependency expressed through method 'dataSourceScriptDatabaseInitializer' parameter 0: Error creating bean with name 'dataSource' defined in class path resource [org/springframework/boot/autoconfigure/jdbc/DataSourceConfiguration$Hikari.class]: Failed to instantiate [com.zaxxer.hikari.HikariDataSource]: Factory method 'dataSource' threw exception with message: Failed to determine a suitable driver class
2023-10-30T12:02:06.397-05:00  INFO 6812 --- [restartedMain] o.apache.catalina.core.StandardService   : Stopping service [Tomcat]
2023-10-30T12:02:06.415-05:00  INFO 6812 --- [restartedMain] .s.b.a.l.ConditionEvaluationReportLogger : 

Error starting ApplicationContext. To display the condition evaluation report re-run your application with 'debug' enabled.
2023-10-30T12:02:06.442-05:00 ERROR 6812 --- [restartedMain] o.s.b.d.LoggingFailureAnalysisReporter   : 

***************************
APPLICATION FAILED TO START
***************************

Description:

Failed to configure a DataSource: 'url' attribute is not specified and no embedded datasource could be configured.

Reason: Failed to determine a suitable driver class


Action:

Consider the following:
	If you want an embedded database (H2, HSQL or Derby), please put it on the classpath.
	If you have database settings to be loaded from a particular profile you may need to activate it (the profiles development are currently active).

2023-10-30T12:04:02.561-05:00  INFO 10524 --- [restartedMain] halcyon.clemncare.app.AppApplication     : Starting AppApplication using Java 17.0.8 with PID 10524 (C:\Users\justi\Documents\Coding\ClemNCare\app\target\classes started by justi in C:\Users\justi\Documents\Coding\ClemNCare)
2023-10-30T12:04:02.564-05:00  INFO 10524 --- [restartedMain] halcyon.clemncare.app.AppApplication     : The following 1 profile is active: "development"
2023-10-30T12:04:02.621-05:00  INFO 10524 --- [restartedMain] .e.DevToolsPropertyDefaultsPostProcessor : Devtools property defaults active! Set 'spring.devtools.add-properties' to 'false' to disable
2023-10-30T12:04:02.621-05:00  INFO 10524 --- [restartedMain] .e.DevToolsPropertyDefaultsPostProcessor : For additional web related logging consider setting the 'logging.level.web' property to 'DEBUG'
2023-10-30T12:04:03.206-05:00  INFO 10524 --- [restartedMain] .s.d.r.c.RepositoryConfigurationDelegate : Bootstrapping Spring Data JPA repositories in DEFAULT mode.
2023-10-30T12:04:03.234-05:00  INFO 10524 --- [restartedMain] .s.d.r.c.RepositoryConfigurationDelegate : Finished Spring Data repository scanning in 20 ms. Found 0 JPA repository interfaces.
2023-10-30T12:04:03.945-05:00  INFO 10524 --- [restartedMain] o.s.b.w.embedded.tomcat.TomcatWebServer  : Tomcat initialized with port(s): 8080 (http)
2023-10-30T12:04:03.977-05:00  INFO 10524 --- [restartedMain] o.apache.catalina.core.StandardService   : Starting service [Tomcat]
2023-10-30T12:04:03.979-05:00  INFO 10524 --- [restartedMain] o.apache.catalina.core.StandardEngine    : Starting Servlet engine: [Apache Tomcat/10.1.15]
2023-10-30T12:04:04.083-05:00  INFO 10524 --- [restartedMain] o.a.c.c.C.[Tomcat].[localhost].[/]       : Initializing Spring embedded WebApplicationContext
2023-10-30T12:04:04.085-05:00  INFO 10524 --- [restartedMain] w.s.c.ServletWebServerApplicationContext : Root WebApplicationContext: initialization completed in 1462 ms
2023-10-30T12:04:04.182-05:00  WARN 10524 --- [restartedMain] ConfigServletWebServerApplicationContext : Exception encountered during context initialization - cancelling refresh attempt: org.springframework.beans.factory.UnsatisfiedDependencyException: Error creating bean with name 'dataSourceScriptDatabaseInitializer' defined in class path resource [org/springframework/boot/autoconfigure/sql/init/DataSourceInitializationConfiguration.class]: Unsatisfied dependency expressed through method 'dataSourceScriptDatabaseInitializer' parameter 0: Error creating bean with name 'dataSource' defined in class path resource [org/springframework/boot/autoconfigure/jdbc/DataSourceConfiguration$Hikari.class]: Failed to instantiate [com.zaxxer.hikari.HikariDataSource]: Factory method 'dataSource' threw exception with message: Failed to determine a suitable driver class
2023-10-30T12:04:04.187-05:00  INFO 10524 --- [restartedMain] o.apache.catalina.core.StandardService   : Stopping service [Tomcat]
2023-10-30T12:04:04.209-05:00  INFO 10524 --- [restartedMain] .s.b.a.l.ConditionEvaluationReportLogger : 

Error starting ApplicationContext. To display the condition evaluation report re-run your application with 'debug' enabled.
2023-10-30T12:04:04.237-05:00 ERROR 10524 --- [restartedMain] o.s.b.d.LoggingFailureAnalysisReporter   : 

***************************
APPLICATION FAILED TO START
***************************

Description:

Failed to configure a DataSource: 'url' attribute is not specified and no embedded datasource could be configured.

Reason: Failed to determine a suitable driver class


Action:

Consider the following:
	If you want an embedded database (H2, HSQL or Derby), please put it on the classpath.
	If you have database settings to be loaded from a particular profile you may need to activate it (the profiles development are currently active).

2023-10-30T15:48:45.099-05:00  INFO 19556 --- [restartedMain] halcyon.clemncare.app.AppApplication     : Starting AppApplication using Java 17.0.8 with PID 19556 (C:\Users\justi\Documents\Coding\ClemNCare\app\target\classes started by justi in C:\Users\justi\Documents\Coding\ClemNCare)
2023-10-30T15:48:45.101-05:00  INFO 19556 --- [restartedMain] halcyon.clemncare.app.AppApplication     : The following 1 profile is active: "development"
2023-10-30T15:48:45.152-05:00  INFO 19556 --- [restartedMain] .e.DevToolsPropertyDefaultsPostProcessor : Devtools property defaults active! Set 'spring.devtools.add-properties' to 'false' to disable
2023-10-30T15:48:45.153-05:00  INFO 19556 --- [restartedMain] .e.DevToolsPropertyDefaultsPostProcessor : For additional web related logging consider setting the 'logging.level.web' property to 'DEBUG'
2023-10-30T15:48:45.729-05:00  INFO 19556 --- [restartedMain] .s.d.r.c.RepositoryConfigurationDelegate : Bootstrapping Spring Data JPA repositories in DEFAULT mode.
2023-10-30T15:48:45.749-05:00  INFO 19556 --- [restartedMain] .s.d.r.c.RepositoryConfigurationDelegate : Finished Spring Data repository scanning in 11 ms. Found 0 JPA repository interfaces.
2023-10-30T15:48:46.456-05:00  INFO 19556 --- [restartedMain] o.s.b.w.embedded.tomcat.TomcatWebServer  : Tomcat initialized with port(s): 8080 (http)
2023-10-30T15:48:46.468-05:00  INFO 19556 --- [restartedMain] o.apache.catalina.core.StandardService   : Starting service [Tomcat]
2023-10-30T15:48:46.469-05:00  INFO 19556 --- [restartedMain] o.apache.catalina.core.StandardEngine    : Starting Servlet engine: [Apache Tomcat/10.1.15]
2023-10-30T15:48:46.561-05:00  INFO 19556 --- [restartedMain] o.a.c.c.C.[Tomcat].[localhost].[/]       : Initializing Spring embedded WebApplicationContext
2023-10-30T15:48:46.563-05:00  INFO 19556 --- [restartedMain] w.s.c.ServletWebServerApplicationContext : Root WebApplicationContext: initialization completed in 1409 ms
2023-10-30T15:48:46.643-05:00  WARN 19556 --- [restartedMain] ConfigServletWebServerApplicationContext : Exception encountered during context initialization - cancelling refresh attempt: org.springframework.beans.factory.UnsatisfiedDependencyException: Error creating bean with name 'dataSourceScriptDatabaseInitializer' defined in class path resource [org/springframework/boot/autoconfigure/sql/init/DataSourceInitializationConfiguration.class]: Unsatisfied dependency expressed through method 'dataSourceScriptDatabaseInitializer' parameter 0: Error creating bean with name 'dataSource' defined in class path resource [org/springframework/boot/autoconfigure/jdbc/DataSourceConfiguration$Hikari.class]: Failed to instantiate [com.zaxxer.hikari.HikariDataSource]: Factory method 'dataSource' threw exception with message: Failed to determine a suitable driver class
2023-10-30T15:48:46.649-05:00  INFO 19556 --- [restartedMain] o.apache.catalina.core.StandardService   : Stopping service [Tomcat]
2023-10-30T15:48:46.675-05:00  INFO 19556 --- [restartedMain] .s.b.a.l.ConditionEvaluationReportLogger : 

Error starting ApplicationContext. To display the condition evaluation report re-run your application with 'debug' enabled.
2023-10-30T15:48:46.707-05:00 ERROR 19556 --- [restartedMain] o.s.b.d.LoggingFailureAnalysisReporter   : 

***************************
APPLICATION FAILED TO START
***************************

Description:

Failed to configure a DataSource: 'url' attribute is not specified and no embedded datasource could be configured.

Reason: Failed to determine a suitable driver class


Action:

Consider the following:
	If you want an embedded database (H2, HSQL or Derby), please put it on the classpath.
	If you have database settings to be loaded from a particular profile you may need to activate it (the profiles development are currently active).

2023-10-30T15:48:55.395-05:00  INFO 22776 --- [restartedMain] halcyon.clemncare.app.AppApplication     : Starting AppApplication using Java 17.0.8 with PID 22776 (C:\Users\justi\Documents\Coding\ClemNCare\app\target\classes started by justi in C:\Users\justi\Documents\Coding\ClemNCare)
2023-10-30T15:48:55.398-05:00  INFO 22776 --- [restartedMain] halcyon.clemncare.app.AppApplication     : The following 1 profile is active: "development"
2023-10-30T15:48:55.446-05:00  INFO 22776 --- [restartedMain] .e.DevToolsPropertyDefaultsPostProcessor : Devtools property defaults active! Set 'spring.devtools.add-properties' to 'false' to disable
2023-10-30T15:48:55.447-05:00  INFO 22776 --- [restartedMain] .e.DevToolsPropertyDefaultsPostProcessor : For additional web related logging consider setting the 'logging.level.web' property to 'DEBUG'
2023-10-30T15:48:55.976-05:00  INFO 22776 --- [restartedMain] .s.d.r.c.RepositoryConfigurationDelegate : Bootstrapping Spring Data JPA repositories in DEFAULT mode.
2023-10-30T15:48:55.998-05:00  INFO 22776 --- [restartedMain] .s.d.r.c.RepositoryConfigurationDelegate : Finished Spring Data repository scanning in 14 ms. Found 0 JPA repository interfaces.
2023-10-30T15:48:56.688-05:00  INFO 22776 --- [restartedMain] o.s.b.w.embedded.tomcat.TomcatWebServer  : Tomcat initialized with port(s): 8080 (http)
2023-10-30T15:48:56.717-05:00  INFO 22776 --- [restartedMain] o.apache.catalina.core.StandardService   : Starting service [Tomcat]
2023-10-30T15:48:56.718-05:00  INFO 22776 --- [restartedMain] o.apache.catalina.core.StandardEngine    : Starting Servlet engine: [Apache Tomcat/10.1.15]
2023-10-30T15:48:56.812-05:00  INFO 22776 --- [restartedMain] o.a.c.c.C.[Tomcat].[localhost].[/]       : Initializing Spring embedded WebApplicationContext
2023-10-30T15:48:56.813-05:00  INFO 22776 --- [restartedMain] w.s.c.ServletWebServerApplicationContext : Root WebApplicationContext: initialization completed in 1365 ms
2023-10-30T15:48:56.897-05:00  WARN 22776 --- [restartedMain] ConfigServletWebServerApplicationContext : Exception encountered during context initialization - cancelling refresh attempt: org.springframework.beans.factory.UnsatisfiedDependencyException: Error creating bean with name 'dataSourceScriptDatabaseInitializer' defined in class path resource [org/springframework/boot/autoconfigure/sql/init/DataSourceInitializationConfiguration.class]: Unsatisfied dependency expressed through method 'dataSourceScriptDatabaseInitializer' parameter 0: Error creating bean with name 'dataSource' defined in class path resource [org/springframework/boot/autoconfigure/jdbc/DataSourceConfiguration$Hikari.class]: Failed to instantiate [com.zaxxer.hikari.HikariDataSource]: Factory method 'dataSource' threw exception with message: Failed to determine a suitable driver class
2023-10-30T15:48:56.902-05:00  INFO 22776 --- [restartedMain] o.apache.catalina.core.StandardService   : Stopping service [Tomcat]
2023-10-30T15:48:56.921-05:00  INFO 22776 --- [restartedMain] .s.b.a.l.ConditionEvaluationReportLogger : 

Error starting ApplicationContext. To display the condition evaluation report re-run your application with 'debug' enabled.
2023-10-30T15:48:56.951-05:00 ERROR 22776 --- [restartedMain] o.s.b.d.LoggingFailureAnalysisReporter   : 

***************************
APPLICATION FAILED TO START
***************************

Description:

Failed to configure a DataSource: 'url' attribute is not specified and no embedded datasource could be configured.

Reason: Failed to determine a suitable driver class


Action:

Consider the following:
	If you want an embedded database (H2, HSQL or Derby), please put it on the classpath.
	If you have database settings to be loaded from a particular profile you may need to activate it (the profiles development are currently active).

2023-10-30T15:54:12.500-05:00  INFO 17372 --- [restartedMain] halcyon.clemncare.app.AppApplication     : Starting AppApplication using Java 17.0.8 with PID 17372 (C:\Users\justi\Documents\Coding\ClemNCare\app\target\classes started by justi in C:\Users\justi\Documents\Coding\ClemNCare)
2023-10-30T15:54:12.502-05:00  INFO 17372 --- [restartedMain] halcyon.clemncare.app.AppApplication     : The following 1 profile is active: "development"
2023-10-30T15:54:12.550-05:00  INFO 17372 --- [restartedMain] .e.DevToolsPropertyDefaultsPostProcessor : Devtools property defaults active! Set 'spring.devtools.add-properties' to 'false' to disable
2023-10-30T15:54:12.550-05:00  INFO 17372 --- [restartedMain] .e.DevToolsPropertyDefaultsPostProcessor : For additional web related logging consider setting the 'logging.level.web' property to 'DEBUG'
2023-10-30T15:54:13.614-05:00  INFO 17372 --- [restartedMain] o.s.b.w.embedded.tomcat.TomcatWebServer  : Tomcat initialized with port(s): 8080 (http)
2023-10-30T15:54:13.626-05:00  INFO 17372 --- [restartedMain] o.apache.catalina.core.StandardService   : Starting service [Tomcat]
2023-10-30T15:54:13.627-05:00  INFO 17372 --- [restartedMain] o.apache.catalina.core.StandardEngine    : Starting Servlet engine: [Apache Tomcat/10.1.15]
2023-10-30T15:54:13.705-05:00  INFO 17372 --- [restartedMain] o.a.c.c.C.[Tomcat].[localhost].[/]       : Initializing Spring embedded WebApplicationContext
2023-10-30T15:54:13.706-05:00  INFO 17372 --- [restartedMain] w.s.c.ServletWebServerApplicationContext : Root WebApplicationContext: initialization completed in 1155 ms
2023-10-30T15:54:14.120-05:00  INFO 17372 --- [restartedMain] o.s.b.d.a.OptionalLiveReloadServer       : LiveReload server is running on port 35729
2023-10-30T15:54:14.154-05:00  INFO 17372 --- [restartedMain] o.s.b.w.embedded.tomcat.TomcatWebServer  : Tomcat started on port(s): 8080 (http) with context path ''
2023-10-30T15:54:14.166-05:00  INFO 17372 --- [restartedMain] halcyon.clemncare.app.AppApplication     : Started AppApplication in 2.025 seconds (process running for 2.524)
2023-10-30T15:54:27.648-05:00  INFO 17372 --- [http-nio-8080-exec-3] o.a.c.c.C.[Tomcat].[localhost].[/]       : Initializing Spring DispatcherServlet 'dispatcherServlet'
2023-10-30T15:54:27.649-05:00  INFO 17372 --- [http-nio-8080-exec-3] o.s.web.servlet.DispatcherServlet        : Initializing Servlet 'dispatcherServlet'
2023-10-30T15:54:27.649-05:00  INFO 17372 --- [http-nio-8080-exec-3] o.s.web.servlet.DispatcherServlet        : Completed initialization in 0 ms
2023-10-30T15:54:33.741-05:00  WARN 17372 --- [http-nio-8080-exec-1] .w.s.m.s.DefaultHandlerExceptionResolver : Resolved [org.springframework.web.HttpRequestMethodNotSupportedException: Request method 'GET' is not supported]
2023-10-30T15:56:56.018-05:00  INFO 17372 --- [File Watcher] rtingClassPathChangeChangedEventListener : Restarting due to 1 class path change (1 addition, 0 deletions, 0 modifications)
2023-10-30T15:56:56.031-05:00  INFO 17372 --- [Thread-5] o.apache.catalina.core.StandardService   : Stopping service [Tomcat]
2023-10-30T15:56:56.032-05:00  INFO 17372 --- [Thread-5] o.a.c.c.C.[Tomcat].[localhost].[/]       : Destroying Spring FrameworkServlet 'dispatcherServlet'
2023-10-30T15:56:56.097-05:00  INFO 17372 --- [restartedMain] halcyon.clemncare.app.AppApplication     : Starting AppApplication using Java 17.0.8 with PID 17372 (C:\Users\justi\Documents\Coding\ClemNCare\app\target\classes started by justi in C:\Users\justi\Documents\Coding\ClemNCare)
2023-10-30T15:56:56.097-05:00  INFO 17372 --- [restartedMain] halcyon.clemncare.app.AppApplication     : The following 1 profile is active: "development"
2023-10-30T15:56:56.305-05:00  INFO 17372 --- [restartedMain] o.s.b.w.embedded.tomcat.TomcatWebServer  : Tomcat initialized with port(s): 8080 (http)
2023-10-30T15:56:56.305-05:00  INFO 17372 --- [restartedMain] o.apache.catalina.core.StandardService   : Starting service [Tomcat]
2023-10-30T15:56:56.306-05:00  INFO 17372 --- [restartedMain] o.apache.catalina.core.StandardEngine    : Starting Servlet engine: [Apache Tomcat/10.1.15]
2023-10-30T15:56:56.323-05:00  INFO 17372 --- [restartedMain] o.a.c.c.C.[Tomcat].[localhost].[/]       : Initializing Spring embedded WebApplicationContext
2023-10-30T15:56:56.323-05:00  INFO 17372 --- [restartedMain] w.s.c.ServletWebServerApplicationContext : Root WebApplicationContext: initialization completed in 223 ms
2023-10-30T15:56:56.416-05:00  INFO 17372 --- [restartedMain] o.s.b.d.a.OptionalLiveReloadServer       : LiveReload server is running on port 35729
2023-10-30T15:56:56.425-05:00  INFO 17372 --- [restartedMain] o.s.b.w.embedded.tomcat.TomcatWebServer  : Tomcat started on port(s): 8080 (http) with context path ''
2023-10-30T15:56:56.428-05:00  INFO 17372 --- [restartedMain] halcyon.clemncare.app.AppApplication     : Started AppApplication in 0.356 seconds (process running for 164.787)
2023-10-30T15:56:56.431-05:00  INFO 17372 --- [restartedMain] .ConditionEvaluationDeltaLoggingListener : Condition evaluation unchanged
2023-10-30T15:57:01.901-05:00  INFO 17372 --- [File Watcher] rtingClassPathChangeChangedEventListener : Restarting due to 1 class path change (0 additions, 1 deletion, 0 modifications)
2023-10-30T15:57:01.911-05:00  INFO 17372 --- [Thread-7] o.apache.catalina.core.StandardService   : Stopping service [Tomcat]
2023-10-30T15:57:01.975-05:00  INFO 17372 --- [restartedMain] halcyon.clemncare.app.AppApplication     : Starting AppApplication using Java 17.0.8 with PID 17372 (C:\Users\justi\Documents\Coding\ClemNCare\app\target\classes started by justi in C:\Users\justi\Documents\Coding\ClemNCare)
2023-10-30T15:57:01.976-05:00  INFO 17372 --- [restartedMain] halcyon.clemncare.app.AppApplication     : The following 1 profile is active: "development"
2023-10-30T15:57:02.193-05:00  INFO 17372 --- [restartedMain] o.s.b.w.embedded.tomcat.TomcatWebServer  : Tomcat initialized with port(s): 8080 (http)
2023-10-30T15:57:02.194-05:00  INFO 17372 --- [restartedMain] o.apache.catalina.core.StandardService   : Starting service [Tomcat]
2023-10-30T15:57:02.195-05:00  INFO 17372 --- [restartedMain] o.apache.catalina.core.StandardEngine    : Starting Servlet engine: [Apache Tomcat/10.1.15]
2023-10-30T15:57:02.213-05:00  INFO 17372 --- [restartedMain] o.a.c.c.C.[Tomcat].[localhost].[/]       : Initializing Spring embedded WebApplicationContext
2023-10-30T15:57:02.213-05:00  INFO 17372 --- [restartedMain] w.s.c.ServletWebServerApplicationContext : Root WebApplicationContext: initialization completed in 235 ms
2023-10-30T15:57:02.300-05:00  INFO 17372 --- [restartedMain] o.s.b.d.a.OptionalLiveReloadServer       : LiveReload server is running on port 35729
2023-10-30T15:57:02.310-05:00  INFO 17372 --- [restartedMain] o.s.b.w.embedded.tomcat.TomcatWebServer  : Tomcat started on port(s): 8080 (http) with context path ''
2023-10-30T15:57:02.313-05:00  INFO 17372 --- [restartedMain] halcyon.clemncare.app.AppApplication     : Started AppApplication in 0.363 seconds (process running for 170.671)
2023-10-30T15:57:02.315-05:00  INFO 17372 --- [restartedMain] .ConditionEvaluationDeltaLoggingListener : Condition evaluation unchanged
2023-10-30T16:02:57.810-05:00  INFO 17372 --- [File Watcher] rtingClassPathChangeChangedEventListener : Restarting due to 1 class path change (0 additions, 0 deletions, 1 modification)
2023-10-30T16:02:57.820-05:00  INFO 17372 --- [Thread-11] o.apache.catalina.core.StandardService   : Stopping service [Tomcat]
2023-10-30T16:02:57.893-05:00  INFO 17372 --- [restartedMain] halcyon.clemncare.app.AppApplication     : Starting AppApplication using Java 17.0.8 with PID 17372 (C:\Users\justi\Documents\Coding\ClemNCare\app\target\classes started by justi in C:\Users\justi\Documents\Coding\ClemNCare)
2023-10-30T16:02:57.894-05:00  INFO 17372 --- [restartedMain] halcyon.clemncare.app.AppApplication     : The following 1 profile is active: "development"
2023-10-30T16:02:58.186-05:00  INFO 17372 --- [restartedMain] o.s.b.w.embedded.tomcat.TomcatWebServer  : Tomcat initialized with port(s): 8080 (http)
2023-10-30T16:02:58.187-05:00  INFO 17372 --- [restartedMain] o.apache.catalina.core.StandardService   : Starting service [Tomcat]
2023-10-30T16:02:58.188-05:00  INFO 17372 --- [restartedMain] o.apache.catalina.core.StandardEngine    : Starting Servlet engine: [Apache Tomcat/10.1.15]
2023-10-30T16:02:58.206-05:00  INFO 17372 --- [restartedMain] o.a.c.c.C.[Tomcat].[localhost].[/]       : Initializing Spring embedded WebApplicationContext
2023-10-30T16:02:58.207-05:00  INFO 17372 --- [restartedMain] w.s.c.ServletWebServerApplicationContext : Root WebApplicationContext: initialization completed in 309 ms
2023-10-30T16:02:58.295-05:00  INFO 17372 --- [restartedMain] o.s.b.d.a.OptionalLiveReloadServer       : LiveReload server is running on port 35729
2023-10-30T16:02:58.302-05:00  INFO 17372 --- [restartedMain] o.s.b.w.embedded.tomcat.TomcatWebServer  : Tomcat started on port(s): 8080 (http) with context path ''
2023-10-30T16:02:58.305-05:00  INFO 17372 --- [restartedMain] halcyon.clemncare.app.AppApplication     : Started AppApplication in 0.44 seconds (process running for 526.664)
2023-10-30T16:02:58.307-05:00  INFO 17372 --- [restartedMain] .ConditionEvaluationDeltaLoggingListener : Condition evaluation unchanged
2023-10-30T16:04:56.732-05:00  INFO 17372 --- [File Watcher] rtingClassPathChangeChangedEventListener : Restarting due to 1 class path change (1 addition, 0 deletions, 0 modifications)
2023-10-30T16:04:56.743-05:00  INFO 17372 --- [Thread-15] o.apache.catalina.core.StandardService   : Stopping service [Tomcat]
2023-10-30T16:04:56.812-05:00  INFO 17372 --- [restartedMain] halcyon.clemncare.app.AppApplication     : Starting AppApplication using Java 17.0.8 with PID 17372 (C:\Users\justi\Documents\Coding\ClemNCare\app\target\classes started by justi in C:\Users\justi\Documents\Coding\ClemNCare)
2023-10-30T16:04:56.813-05:00  INFO 17372 --- [restartedMain] halcyon.clemncare.app.AppApplication     : The following 1 profile is active: "development"
2023-10-30T16:04:57.025-05:00  INFO 17372 --- [restartedMain] o.s.b.w.embedded.tomcat.TomcatWebServer  : Tomcat initialized with port(s): 8080 (http)
2023-10-30T16:04:57.027-05:00  INFO 17372 --- [restartedMain] o.apache.catalina.core.StandardService   : Starting service [Tomcat]
2023-10-30T16:04:57.027-05:00  INFO 17372 --- [restartedMain] o.apache.catalina.core.StandardEngine    : Starting Servlet engine: [Apache Tomcat/10.1.15]
2023-10-30T16:04:57.043-05:00  INFO 17372 --- [restartedMain] o.a.c.c.C.[Tomcat].[localhost].[/]       : Initializing Spring embedded WebApplicationContext
2023-10-30T16:04:57.044-05:00  INFO 17372 --- [restartedMain] w.s.c.ServletWebServerApplicationContext : Root WebApplicationContext: initialization completed in 228 ms
2023-10-30T16:04:57.117-05:00  INFO 17372 --- [restartedMain] o.s.b.d.a.OptionalLiveReloadServer       : LiveReload server is running on port 35729
2023-10-30T16:04:57.123-05:00  INFO 17372 --- [restartedMain] o.s.b.w.embedded.tomcat.TomcatWebServer  : Tomcat started on port(s): 8080 (http) with context path ''
2023-10-30T16:04:57.125-05:00  INFO 17372 --- [restartedMain] halcyon.clemncare.app.AppApplication     : Started AppApplication in 0.337 seconds (process running for 645.483)
2023-10-30T16:04:57.126-05:00  INFO 17372 --- [restartedMain] .ConditionEvaluationDeltaLoggingListener : Condition evaluation unchanged
2023-10-30T16:13:14.175-05:00  INFO 17372 --- [File Watcher] rtingClassPathChangeChangedEventListener : Restarting due to 1 class path change (0 additions, 0 deletions, 1 modification)
2023-10-30T16:13:14.184-05:00  INFO 17372 --- [Thread-19] o.apache.catalina.core.StandardService   : Stopping service [Tomcat]
2023-10-30T16:13:14.244-05:00  INFO 17372 --- [restartedMain] halcyon.clemncare.app.AppApplication     : Starting AppApplication using Java 17.0.8 with PID 17372 (C:\Users\justi\Documents\Coding\ClemNCare\app\target\classes started by justi in C:\Users\justi\Documents\Coding\ClemNCare)
2023-10-30T16:13:14.244-05:00  INFO 17372 --- [restartedMain] halcyon.clemncare.app.AppApplication     : The following 1 profile is active: "development"
2023-10-30T16:13:14.428-05:00  INFO 17372 --- [restartedMain] o.s.b.w.embedded.tomcat.TomcatWebServer  : Tomcat initialized with port(s): 8080 (http)
2023-10-30T16:13:14.429-05:00  INFO 17372 --- [restartedMain] o.apache.catalina.core.StandardService   : Starting service [Tomcat]
2023-10-30T16:13:14.429-05:00  INFO 17372 --- [restartedMain] o.apache.catalina.core.StandardEngine    : Starting Servlet engine: [Apache Tomcat/10.1.15]
2023-10-30T16:13:14.444-05:00  INFO 17372 --- [restartedMain] o.a.c.c.C.[Tomcat].[localhost].[/]       : Initializing Spring embedded WebApplicationContext
2023-10-30T16:13:14.444-05:00  INFO 17372 --- [restartedMain] w.s.c.ServletWebServerApplicationContext : Root WebApplicationContext: initialization completed in 198 ms
2023-10-30T16:13:14.507-05:00  INFO 17372 --- [restartedMain] o.s.b.d.a.OptionalLiveReloadServer       : LiveReload server is running on port 35729
2023-10-30T16:13:14.511-05:00  INFO 17372 --- [restartedMain] o.s.b.w.embedded.tomcat.TomcatWebServer  : Tomcat started on port(s): 8080 (http) with context path ''
2023-10-30T16:13:14.514-05:00  INFO 17372 --- [restartedMain] halcyon.clemncare.app.AppApplication     : Started AppApplication in 0.289 seconds (process running for 1142.872)
2023-10-30T16:13:14.515-05:00  INFO 17372 --- [restartedMain] .ConditionEvaluationDeltaLoggingListener : Condition evaluation unchanged
